2023-01-23 13:17:02,189 - pyswarms.discrete.binary - INFO - Optimize for 100 iters with {'c1': 0.5, 'c2': 0.3, 'w': 0.9, 'k': 2, 'p': 1}
2023-01-23 13:24:29,648 - pyswarms.discrete.binary - INFO - Optimize for 100 iters with {'c1': 0.5, 'c2': 0.3, 'w': 0.9, 'k': 2, 'p': 1}
2023-01-23 13:30:16,101 - pyswarms.discrete.binary - INFO - Optimize for 100 iters with {'c1': 0.5, 'c2': 0.3, 'w': 0.9, 'k': 2, 'p': 1}
2023-01-23 13:31:08,683 - pyswarms.discrete.binary - INFO - Optimize for 100 iters with {'c1': 0.5, 'c2': 0.3, 'w': 0.9, 'k': 2, 'p': 1}
2023-01-23 13:48:56,496 - pyswarms.discrete.binary - INFO - Optimize for 100 iters with {'c1': 0.5, 'c2': 0.3, 'w': 0.9, 'k': 2, 'p': 1}
2023-01-23 13:51:24,671 - pyswarms.discrete.binary - INFO - Optimize for 100 iters with {'c1': 0.5, 'c2': 0.3, 'w': 0.9, 'k': 2, 'p': 1}
2023-01-23 13:55:05,020 - pyswarms.discrete.binary - INFO - Optimize for 100 iters with {'c1': 0.5, 'c2': 0.3, 'w': 0.9, 'k': 2, 'p': 1}
2023-01-23 14:38:06,525 - pyswarms.discrete.binary - INFO - Optimize for 100 iters with {'c1': 0.5, 'c2': 0.3, 'w': 0.9, 'k': 2, 'p': 1}
2023-01-23 14:46:01,515 - pyswarms.discrete.binary - INFO - Optimize for 100 iters with {'c1': 0.5, 'c2': 0.3, 'w': 0.9, 'k': 2, 'p': 1}
2023-01-23 14:46:01,663 - pyswarms.discrete.binary - INFO - Optimization finished | best cost: 181.0, best pos: [1 1 1 1 1 1 0 0 1 1 0 0 1 0 0 0 0 0 0 0 0 0 0 0]
2023-01-23 14:48:52,284 - pyswarms.discrete.binary - INFO - Optimize for 100 iters with {'c1': 0.5, 'c2': 0.3, 'w': 0.9, 'k': 2, 'p': 1}
2023-01-23 14:48:52,393 - pyswarms.discrete.binary - INFO - Optimization finished | best cost: 182.0, best pos: [0 1 0 1 1 1 0 0 0 0 0 0 0 0 0 0 0 0 0 0 0 0 0 0]
2023-01-23 14:48:52,399 - pyswarms.discrete.binary - INFO - Optimize for 100 iters with {'c1': 0.5, 'c2': 0.3, 'w': 0.9, 'k': 2, 'p': 1}
2023-01-23 14:48:52,570 - pyswarms.discrete.binary - INFO - Optimization finished | best cost: 614.0, best pos: [1 0 0 1 1 1 0 0 1 1 1 1 1 1 1 1 0 1 1 1 1 1 1 1 1 0 1 1 1 1 1 1 1 1 1 1 0
 0 0 0 0 1 1 0 0 0 0 0 0 0 0 1 1 0 0 0 0 1 1 0 0 1 1 1 1 1 1 1 1 0 1 1 1 0
 1 1 0]
2023-01-23 14:48:52,576 - pyswarms.discrete.binary - INFO - Optimize for 100 iters with {'c1': 0.5, 'c2': 0.3, 'w': 0.9, 'k': 2, 'p': 1}
2023-01-23 14:48:52,910 - pyswarms.discrete.binary - INFO - Optimization finished | best cost: 1137.0, best pos: [1 1 1 1 1 1 1 1 1 1 0 0 1 1 0 0 1 1 0 0 1 1 1 1 1 0 1 1 1 1 0 1 1 0 0 0 0
 1 1 1 0 1 1 1 0 0 0 0 1 0 0 1 1 0 0 0 0 0 1 1 1 0 0 1 1 1 0 1 1 1 0 1 0 0
 0 0 1 0 1 0 1 1 1 1 1 1 1 1 0 1 1 1 1 1 1 1 1 1 1 1 1 1 1 1 1 1 1 1 0 1 0
 1 0 1 1 1 1 0 0 1 1 0 0 0 1 1 0 0 0 0 0 1 0 0 0 1 1 1 1 0 0 1 0 0 0 0 0 0
 0 1]
2023-01-23 14:48:52,916 - pyswarms.discrete.binary - INFO - Optimize for 100 iters with {'c1': 0.5, 'c2': 0.3, 'w': 0.9, 'k': 2, 'p': 1}
2023-01-23 14:48:53,456 - pyswarms.discrete.binary - INFO - Optimization finished | best cost: 2788.0, best pos: [0 0 0 0 0 0 0 1 0 0 0 0 1 1 1 1 1 0 0 0 0 1 0 0 1 0 0 1 0 1 0 0 1 0 0 1 0
 0 1 0 0 0 1 0 1 1 0 1 0 1 1 1 1 0 0 0 1 1 1 0 1 0 1 1 0 1 1 1 0 0 1 0 0 1
 0 1 1 0 1 1 1 1 1 0 0 0 1 0 0 0 1 1 1 1 1 1 1 0 1 1 0 1 0 1 0 1 0 1 0 0 1
 1 1 0 0 0 0 0 1 0 1 1 1 0 1 1 1 0 1 0 0 0 0 1 1 1 0 0 0 1 1 1 1 0 1 1 1 1
 0 1 1 1 0 1 1 0 0 1 0 1 1 1 1 1 1 1 1 0 1 0 0 0 0 1 1 1 1 0 0 0 0 0 0 1 1
 0 0 1 1 1 1 1 0 1 1 0 1 0 0 0 0 0 1 0 0 1 1 1 0 0 0 0 1 1 1 1 0 1 1 1 0 1
 0 0 1 0 1 1 0 0 0 1 1 1 0 1 0 1 0 0 0 1 1 1 0 0 0 1 1 1 1 0 1 0 1 0 1 1 1
 1 0 1 0 1 0 1 1 1 1 1 1 1 1 0 0 1 1 0 1 1 0 1 0 1 0 1 0 1 0 1 1 1 0 0 0 0
 1 0 1 1 1 0 1 1 0 1 1 0 0 1 0 1 1 1 1 1 1 0 0 0 1 1 0 0 0 1 1 1 0 1 1 1 1
 1 1 0 0 0 1 0 1 1 1 1 1]
2023-01-23 14:49:27,111 - pyswarms.discrete.binary - INFO - Optimize for 100 iters with {'c1': 0.5, 'c2': 0.3, 'w': 0.9, 'k': 2, 'p': 1}
2023-01-23 14:49:27,217 - pyswarms.discrete.binary - INFO - Optimization finished | best cost: 181.0, best pos: [1 1 0 0 1 0 0 0 0 0 0 0 1 0 0 0 1 0 0 0 0 0 0 0]
2023-01-23 14:49:39,309 - pyswarms.discrete.binary - INFO - Optimize for 100 iters with {'c1': 0.5, 'c2': 0.3, 'w': 0.9, 'k': 2, 'p': 1}
2023-01-23 14:49:39,412 - pyswarms.discrete.binary - INFO - Optimization finished | best cost: 181.0, best pos: [1 1 0 1 1 1 0 0 1 1 0 0 1 0 0 0 1 0 0 0 0 0 0 0]
2023-01-23 14:49:53,074 - pyswarms.discrete.binary - INFO - Optimize for 100 iters with {'c1': 0.5, 'c2': 0.3, 'w': 0.9, 'k': 2, 'p': 1}
2023-01-23 14:49:53,384 - pyswarms.discrete.binary - INFO - Optimization finished | best cost: 613.0, best pos: [0 0 1 0 1 0 1 0 1 1 1 1 0 0 1 1 0 0 0 0 1 1 1 1 1 0 1 1 1 1 1 0 0 1 1 1 1
 0 0 0 0 1 1 0 0 0 0 0 0 0 1 0 0 1 0 0 1 0 1 1 1 1 0 1 1 1 0 1 1 0 0 1 1 1
 1 0 0]
2023-01-23 14:49:58,510 - pyswarms.discrete.binary - INFO - Optimize for 100 iters with {'c1': 0.5, 'c2': 0.3, 'w': 0.9, 'k': 2, 'p': 1}
2023-01-23 14:49:58,969 - pyswarms.discrete.binary - INFO - Optimization finished | best cost: 1152.0, best pos: [0 1 1 1 0 1 0 1 1 1 0 1 0 1 0 1 0 1 0 0 1 1 1 1 1 0 1 1 1 0 0 1 0 0 1 0 1
 1 0 1 1 1 1 1 0 0 0 1 0 1 1 0 1 0 0 0 0 1 0 1 1 1 1 0 0 0 0 0 0 1 1 1 0 0
 0 0 0 1 0 0 0 0 1 0 0 1 1 0 0 1 1 1 1 1 1 1 1 1 0 1 1 1 1 0 1 1 1 1 1 0 1
 1 1 0 1 1 1 1 0 0 1 1 1 1 1 0 0 1 1 0 1 1 0 1 1 1 1 1 0 1 1 1 1 1 1 1 1 1
 1 0]
2023-01-23 14:50:05,888 - pyswarms.discrete.binary - INFO - Optimize for 100 iters with {'c1': 0.5, 'c2': 0.3, 'w': 0.9, 'k': 2, 'p': 1}
2023-01-23 14:50:06,586 - pyswarms.discrete.binary - INFO - Optimization finished | best cost: 2798.0, best pos: [0 0 1 1 1 0 1 0 0 1 0 1 0 1 0 1 0 1 0 1 0 1 1 0 1 1 1 1 1 0 0 0 1 0 0 1 1
 0 0 0 0 1 0 1 1 1 0 1 1 0 0 1 1 1 0 1 1 1 1 1 1 1 0 1 1 0 1 1 1 0 0 1 0 1
 1 1 1 0 1 0 1 1 1 1 0 0 0 1 0 0 1 1 1 1 0 1 0 1 1 1 1 0 1 0 1 0 1 1 1 1 1
 1 1 0 0 1 1 1 0 1 1 1 1 0 1 0 1 1 0 1 1 1 1 1 0 0 0 0 0 0 1 1 1 0 0 1 1 1
 1 0 0 1 0 0 1 0 1 1 0 0 0 1 1 0 1 1 0 1 0 1 1 0 1 0 1 1 1 1 0 1 1 0 1 0 0
 1 0 1 1 1 1 1 1 0 0 1 0 0 0 1 0 1 0 1 1 1 1 0 0 0 1 0 0 0 0 1 1 0 1 1 0 0
 0 1 1 1 1 1 1 0 0 1 0 0 1 0 1 1 0 1 1 1 1 0 0 1 1 1 1 0 0 0 1 0 0 0 0 1 1
 0 1 0 1 0 0 1 0 1 0 1 0 0 1 1 1 0 1 1 0 1 1 1 1 1 0 1 0 1 0 0 0 0 1 0 0 1
 0 1 1 1 0 1 1 0 1 0 1 1 1 1 1 1 1 0 1 1 0 0 1 1 1 1 0 0 1 0 0 1 0 0 0 1 1
 0 0 0 1 1 1 1 1 0 0 0 0]
2023-01-23 14:51:59,717 - pyswarms.discrete.binary - INFO - Optimize for 100 iters with {'c1': 0.5, 'c2': 0.3, 'w': 0.9, 'k': 2, 'p': 1}
2023-01-23 14:51:59,821 - pyswarms.discrete.binary - INFO - Optimization finished | best cost: 4.0, best pos: [0 1 0 0 0 0 0 1 0 1 1 1 0 1 0 1 1 1 1 1 1 1 1 0]
2023-01-23 14:52:13,089 - pyswarms.discrete.binary - INFO - Optimize for 100 iters with {'c1': 0.5, 'c2': 0.3, 'w': 0.9, 'k': 2, 'p': 1}
2023-01-23 14:52:13,370 - pyswarms.discrete.binary - INFO - Optimization finished | best cost: 23.0, best pos: [0 1 0 1 0 1 1 1 0 0 0 1 1 0 0 0 0 0 1 1 0 1 1 0 1 0 0 0 1 0 0 0 1 0 0 0 0
 1 1 1 0 1 0 1 1 1 0 1 1 0 0 0 1 1 0 1 1 0 1 0 1 0 1 1 0 0 1 1 0 0 0 1 0 1
 0 0 0]
2023-01-23 14:52:19,382 - pyswarms.discrete.binary - INFO - Optimize for 100 iters with {'c1': 0.5, 'c2': 0.3, 'w': 0.9, 'k': 2, 'p': 1}
2023-01-23 14:52:19,864 - pyswarms.discrete.binary - INFO - Optimization finished | best cost: 74.0, best pos: [1 0 1 0 0 1 0 0 0 0 0 1 0 0 1 1 0 0 1 1 1 0 1 0 1 1 0 0 1 1 0 1 0 0 1 0 1
 1 0 0 1 1 1 1 1 0 1 0 0 1 1 0 1 0 1 0 1 1 0 0 1 1 1 0 1 0 1 1 0 0 0 0 1 1
 0 1 0 1 1 0 1 0 0 0 1 0 0 0 1 0 1 0 0 1 1 0 1 0 0 0 0 1 0 0 1 0 1 1 0 0 0
 0 1 0 0 0 0 1 1 1 0 0 0 1 1 1 0 1 0 1 1 0 1 1 1 1 0 1 1 1 0 1 0 1 0 0 0 0
 0 0]
2023-01-23 14:52:22,814 - pyswarms.discrete.binary - INFO - Optimize for 100 iters with {'c1': 0.5, 'c2': 0.3, 'w': 0.9, 'k': 2, 'p': 1}
2023-01-23 14:52:23,402 - pyswarms.discrete.binary - INFO - Optimization finished | best cost: 182.0, best pos: [0 0 0 1 1 0 1 1 1 1 0 1 1 0 0 0 1 1 0 1 0 1 1 0 1 0 1 0 0 1 1 0 1 0 0 0 0
 1 0 1 0 0 1 0 0 1 1 1 0 0 1 1 0 1 1 0 1 1 0 0 0 0 1 0 1 0 0 1 0 1 0 1 1 1
 1 1 0 0 0 0 0 0 0 1 0 1 1 1 0 0 1 1 1 1 0 0 0 0 0 1 1 0 1 1 1 1 1 1 0 1 0
 0 1 1 1 0 1 1 1 0 1 1 0 0 1 1 0 0 0 0 1 1 1 0 0 1 0 0 1 1 1 0 1 0 0 0 1 0
 1 1 0 1 0 0 1 0 0 1 0 1 0 0 0 0 1 1 0 1 0 1 1 1 0 1 1 0 1 1 1 1 0 0 0 0 0
 0 1 1 0 1 0 0 1 1 0 1 0 1 0 1 1 0 0 0 1 0 0 0 1 0 1 1 0 0 1 1 1 0 0 1 0 1
 0 1 1 0 0 1 1 1 0 1 0 1 0 1 1 1 1 1 1 1 0 1 1 1 1 1 1 0 0 0 1 1 0 1 0 0 1
 0 1 1 0 0 1 0 1 1 1 0 1 0 1 1 0 0 0 1 0 0 1 0 0 0 1 0 0 0 1 1 1 0 1 0 1 0
 1 0 0 0 1 1 1 1 1 0 0 1 0 1 1 1 0 1 0 0 0 0 1 1 0 1 0 0 0 1 0 1 1 1 0 0 0
 1 0 1 0 0 1 0 1 1 1 0 1]
2023-01-23 14:53:02,214 - pyswarms.discrete.binary - INFO - Optimize for 100 iters with {'c1': 0.5, 'c2': 0.3, 'w': 0.9, 'k': 2, 'p': 1}
2023-01-23 14:53:02,316 - pyswarms.discrete.binary - INFO - Optimization finished | best cost: 3.0, best pos: [1 1 0 0 0 0 1 0 1 0 1 1 1 1 1 1 1 1 1 1 0 1 1 1]
2023-01-23 14:53:09,255 - pyswarms.discrete.binary - INFO - Optimize for 100 iters with {'c1': 0.5, 'c2': 0.3, 'w': 0.9, 'k': 2, 'p': 1}
2023-01-23 14:53:09,539 - pyswarms.discrete.binary - INFO - Optimization finished | best cost: 14.0, best pos: [1 1 0 1 0 1 1 1 0 0 1 1 1 0 1 1 1 0 1 0 0 0 0 0 0 1 0 1 1 1 0 1 1 0 0 0 1
 1 1 0 0 0 1 1 0 1 1 1 1 0 1 1 1 0 0 1 0 0 0 0 0 1 0 1 1 0 1 0 0 0 0 0 1 0
 1 1 1]
2023-01-23 14:53:17,025 - pyswarms.discrete.binary - INFO - Optimize for 100 iters with {'c1': 0.5, 'c2': 0.3, 'w': 0.9, 'k': 2, 'p': 1}
2023-01-23 14:53:17,452 - pyswarms.discrete.binary - INFO - Optimization finished | best cost: 40.0, best pos: [1 0 0 0 0 1 0 1 0 1 1 0 0 1 1 0 0 1 0 1 0 0 0 0 1 1 0 0 1 0 0 1 0 0 1 1 1
 0 0 0 1 1 0 1 1 0 1 0 1 0 0 1 0 0 1 1 1 1 1 0 0 1 0 1 1 0 1 0 0 1 1 1 1 1
 1 0 1 0 0 0 1 0 0 0 1 1 0 0 1 1 0 0 0 1 0 0 0 0 0 1 0 1 0 1 0 1 1 0 1 0 1
 1 0 0 1 0 0 1 0 0 0 0 0 0 1 0 1 0 0 0 0 1 0 0 1 1 1 0 1 0 0 1 1 0 0 1 0 0
 0 0]
2023-01-23 14:53:18,495 - pyswarms.discrete.binary - INFO - Optimize for 100 iters with {'c1': 0.5, 'c2': 0.3, 'w': 0.9, 'k': 2, 'p': 1}
2023-01-23 14:53:19,086 - pyswarms.discrete.binary - INFO - Optimization finished | best cost: 84.0, best pos: [1 1 1 0 1 1 1 1 1 0 0 1 1 1 1 0 1 1 1 0 1 1 1 0 0 1 1 1 0 1 1 1 0 0 1 1 0
 0 1 1 1 0 0 1 0 0 1 0 0 1 0 1 0 1 1 1 0 1 0 1 0 0 0 0 1 1 0 0 0 1 1 0 1 0
 1 1 0 0 0 1 1 0 1 1 0 1 1 1 0 1 0 1 0 1 0 1 0 1 0 0 0 1 0 0 0 0 0 1 1 0 0
 0 1 0 1 1 0 0 1 1 0 1 1 0 0 1 0 0 1 0 0 1 0 0 1 1 1 0 0 1 1 1 1 1 0 1 1 0
 0 0 1 1 0 0 0 0 1 0 0 1 0 0 1 1 0 1 1 1 1 1 1 0 0 1 0 1 0 0 0 0 0 0 1 0 1
 1 1 1 0 0 1 0 1 1 0 0 0 0 0 1 0 1 1 0 1 1 1 1 1 1 0 0 1 1 0 1 1 1 1 0 1 0
 0 1 0 1 1 1 0 1 1 1 0 1 1 1 1 0 1 1 1 1 1 1 0 0 0 1 0 0 1 1 0 0 1 1 0 1 1
 0 0 0 1 1 1 0 0 1 1 1 0 1 0 1 1 1 1 1 0 0 1 0 0 0 1 1 1 0 0 1 0 0 0 0 0 1
 0 1 1 1 0 0 0 0 0 0 0 0 1 1 1 1 1 1 1 1 1 1 1 1 0 1 1 0 1 0 1 0 0 0 0 0 1
 1 0 1 0 1 0 1 1 1 1 1 1]
2023-01-23 14:53:27,567 - pyswarms.discrete.binary - INFO - Optimize for 500 iters with {'c1': 0.5, 'c2': 0.3, 'w': 0.9, 'k': 2, 'p': 1}
2023-01-23 14:53:28,105 - pyswarms.discrete.binary - INFO - Optimization finished | best cost: 3.0, best pos: [1 0 0 1 0 1 0 1 0 1 0 1 0 0 1 1 1 1 1 0 1 1 1 1]
2023-01-23 14:55:48,373 - pyswarms.discrete.binary - INFO - Optimize for 500 iters with {'c1': 0.5, 'c2': 0.3, 'w': 0.9, 'k': 2, 'p': 1}
2023-01-23 14:55:48,913 - pyswarms.discrete.binary - INFO - Optimization finished | best cost: 1.0, best pos: [0 1 0 0 0 0 0 1 0 0 1 1 0 1 1 1 1 1 1 1 1 1 1 1]
2023-01-23 14:56:20,803 - pyswarms.discrete.binary - INFO - Optimize for 500 iters with {'c1': 0.5, 'c2': 0.3, 'w': 0.9, 'k': 2, 'p': 1}
2023-01-23 14:56:21,358 - pyswarms.discrete.binary - INFO - Optimization finished | best cost: 1.0, best pos: [0 0 0 1 0 0 0 1 0 0 1 1 0 1 1 1 1 1 1 1 1 1 1 1]
2023-01-23 14:56:24,234 - pyswarms.discrete.binary - INFO - Optimize for 500 iters with {'c1': 0.5, 'c2': 0.3, 'w': 0.9, 'k': 2, 'p': 1}
2023-01-23 14:56:25,277 - pyswarms.discrete.binary - INFO - Optimization finished | best cost: 20.0, best pos: [1 0 0 1 1 1 0 0 0 0 0 1 1 1 0 1 0 1 0 0 0 1 0 0 1 1 0 1 0 1 0 1 1 0 0 1 1
 1 1 1 0 0 1 0 0 1 1 1 1 0 1 1 1 0 1 1 0 0 1 0 0 1 1 1 0 0 0 0 0 0 0 1 1 1
 0 0 0]
2023-01-23 14:58:50,164 - pyswarms.discrete.binary - INFO - Optimize for 500 iters with {'c1': 0.5, 'c2': 0.3, 'w': 0.9, 'k': 2, 'p': 1}
2023-01-23 14:58:50,732 - pyswarms.discrete.binary - INFO - Optimization finished | best cost: 1.0, best pos: [0 0 1 0 0 0 0 1 0 1 0 1 0 1 1 1 1 1 1 1 1 1 1 1]
2023-01-23 14:59:01,417 - pyswarms.discrete.binary - INFO - Optimize for 500 iters with {'c1': 0.5, 'c2': 0.3, 'w': 0.9, 'k': 2, 'p': 1}
2023-01-23 14:59:02,382 - pyswarms.discrete.binary - INFO - Optimization finished | best cost: 19.0, best pos: [1 0 1 0 1 1 0 1 1 0 1 1 1 0 0 1 0 0 0 1 0 0 1 0 0 1 0 0 0 0 0 0 1 0 0 0 1
 1 1 1 0 0 0 1 1 1 1 1 1 1 1 1 1 1 1 1 0 1 1 0 0 0 1 0 0 1 0 0 1 0 1 1 0 0
 0 0 1]
2023-01-23 14:59:06,077 - pyswarms.discrete.binary - INFO - Optimize for 500 iters with {'c1': 0.5, 'c2': 0.3, 'w': 0.9, 'k': 2, 'p': 1}
2023-01-23 14:59:07,855 - pyswarms.discrete.binary - INFO - Optimization finished | best cost: 60.0, best pos: [1 0 0 0 1 1 0 1 0 1 0 1 0 0 0 0 0 0 0 1 0 0 1 0 1 0 0 1 1 0 0 0 0 0 1 1 1
 0 0 1 1 1 1 0 1 1 1 0 0 0 0 1 1 1 0 1 1 0 0 1 0 0 1 1 1 1 0 1 0 1 0 1 0 1
 1 1 0 0 1 0 1 0 0 0 0 1 0 0 1 0 1 1 0 0 1 0 0 0 0 0 0 1 0 0 0 1 0 0 1 0 0
 0 0 1 0 1 0 0 1 0 1 0 0 0 1 0 0 0 0 0 0 1 1 0 0 0 0 0 0 0 1 1 0 0 1 0 1 1
 0 1]
2023-01-23 14:59:11,812 - pyswarms.discrete.binary - INFO - Optimize for 500 iters with {'c1': 0.5, 'c2': 0.3, 'w': 0.9, 'k': 2, 'p': 1}
2023-01-23 14:59:14,695 - pyswarms.discrete.binary - INFO - Optimization finished | best cost: 156.0, best pos: [1 1 0 1 1 0 0 1 1 0 0 0 0 0 0 1 1 0 0 1 1 1 0 0 0 1 1 0 1 1 1 0 1 0 0 0 1
 0 1 0 0 1 1 0 1 0 0 1 0 1 1 0 0 0 0 0 0 0 0 0 0 1 1 0 0 1 1 1 1 1 1 1 1 0
 0 1 0 0 0 0 0 0 1 1 1 1 0 1 1 0 1 1 0 0 1 0 1 0 0 1 1 0 0 0 1 0 0 1 0 1 0
 1 0 1 1 0 1 1 0 1 0 1 1 1 0 0 1 0 1 1 1 0 0 1 1 0 1 0 1 0 1 0 0 0 1 1 0 1
 0 0 1 0 1 1 1 0 1 1 1 1 0 0 1 0 0 0 1 1 1 0 1 1 1 1 1 1 1 0 1 1 0 1 1 1 1
 1 0 1 1 0 1 0 1 0 0 1 1 1 1 1 1 1 1 0 0 0 1 0 1 0 1 1 0 1 0 1 0 1 0 1 1 1
 0 0 1 1 0 0 0 1 1 0 1 0 0 0 1 1 0 0 1 1 0 1 1 1 0 1 0 0 0 0 0 0 1 1 0 0 1
 1 1 0 1 0 1 1 0 1 1 0 0 0 1 1 1 1 0 0 1 0 0 0 1 0 0 1 1 0 0 0 1 0 0 0 0 1
 1 0 0 1 0 1 1 1 0 0 0 1 0 1 1 0 1 1 0 1 1 0 1 0 1 1 0 0 0 0 0 0 1 1 0 0 1
 0 1 1 0 1 1 1 1 1 0 0 1]
